<?xml version="1.0" encoding="UTF-8"?>
<testng-results skipped="0" failed="1" ignored="0" total="4" passed="3">
  <reporter-output>
  </reporter-output>
  <suite name="Suite" duration-ms="46238" started-at="2020-12-21T14:28:06 IST" finished-at="2020-12-21T14:28:52 IST">
    <groups>
    </groups>
    <test name="Test" duration-ms="46238" started-at="2020-12-21T14:28:06 IST" finished-at="2020-12-21T14:28:52 IST">
      <class name="Academy.validateTitle">
        <test-method status="PASS" signature="init()[pri:0, instance:Academy.validateTitle@711f39f9]" name="init" is-config="true" duration-ms="7287" started-at="2020-12-21T14:28:19 IST" finished-at="2020-12-21T14:28:26 IST">
          <reporter-output>
          </reporter-output>
        </test-method> <!-- init -->
        <test-method status="PASS" signature="validate()[pri:0, instance:Academy.validateTitle@711f39f9]" name="validate" duration-ms="52" started-at="2020-12-21T14:28:27 IST" finished-at="2020-12-21T14:28:27 IST">
          <reporter-output>
          </reporter-output>
        </test-method> <!-- validate -->
        <test-method status="PASS" signature="last()[pri:0, instance:Academy.validateTitle@711f39f9]" name="last" is-config="true" duration-ms="499" started-at="2020-12-21T14:28:51 IST" finished-at="2020-12-21T14:28:52 IST">
          <reporter-output>
          </reporter-output>
        </test-method> <!-- last -->
      </class> <!-- Academy.validateTitle -->
      <class name="Academy.HomePage">
        <test-method status="PASS" signature="init()[pri:0, instance:Academy.HomePage@71bbf57e]" name="init" is-config="true" duration-ms="6910" started-at="2020-12-21T14:28:06 IST" finished-at="2020-12-21T14:28:13 IST">
          <reporter-output>
          </reporter-output>
        </test-method> <!-- init -->
        <test-method status="PASS" signature="baseNavigation(java.lang.String, java.lang.String, java.lang.String)[pri:0, instance:Academy.HomePage@71bbf57e]" name="baseNavigation" duration-ms="13081" started-at="2020-12-21T14:28:27 IST" data-provider="data" finished-at="2020-12-21T14:28:40 IST">
          <params>
            <param index="0">
              <value>
                <![CDATA[anu.saroha96@gmail.com]]>
              </value>
            </param>
            <param index="1">
              <value>
                <![CDATA[jaimatadi]]>
              </value>
            </param>
            <param index="2">
              <value>
                <![CDATA[NonRestricted]]>
              </value>
            </param>
          </params>
          <reporter-output>
          </reporter-output>
        </test-method> <!-- baseNavigation -->
        <test-method status="FAIL" signature="baseNavigation(java.lang.String, java.lang.String, java.lang.String)[pri:0, instance:Academy.HomePage@71bbf57e]" name="baseNavigation" duration-ms="10624" started-at="2020-12-21T14:28:40 IST" data-provider="data" finished-at="2020-12-21T14:28:50 IST">
          <params>
            <param index="0">
              <value>
                <![CDATA[anu.saroha86@gmail.com]]>
              </value>
            </param>
            <param index="1">
              <value>
                <![CDATA[jaimatadis]]>
              </value>
            </param>
            <param index="2">
              <value>
                <![CDATA[Restricted]]>
              </value>
            </param>
          </params>
          <exception class="org.openqa.selenium.NoSuchElementException">
            <message>
              <![CDATA[no such element: Unable to locate element: {"method":"css selector","selector":"[aria-label='Account'] i"}
  (Session info: chrome=87.0.4280.88)
For documentation on this error, please visit: https://www.seleniumhq.org/exceptions/no_such_element.html
Build info: version: '3.141.59', revision: 'e82be7d358', time: '2018-11-14T08:17:03'
System info: host: 'DESKTOP-5RITR10', ip: '192.168.0.108', os.name: 'Windows 8.1', os.arch: 'amd64', os.version: '6.3', java.version: '1.8.0_45'
Driver info: org.openqa.selenium.chrome.ChromeDriver
Capabilities {acceptInsecureCerts: false, browserName: chrome, browserVersion: 87.0.4280.88, chrome: {chromedriverVersion: 87.0.4280.88 (89e2380a3e36c..., userDataDir: C:\Users\ANUSAR~1\AppData\L...}, goog:chromeOptions: {debuggerAddress: localhost:3598}, javascriptEnabled: true, networkConnectionEnabled: false, pageLoadStrategy: normal, platform: WINDOWS, platformName: WINDOWS, proxy: Proxy(), setWindowRect: true, strictFileInteractability: false, timeouts: {implicit: 0, pageLoad: 300000, script: 30000}, unhandledPromptBehavior: dismiss and notify, webauthn:virtualAuthenticators: true}
Session ID: 098719a59b265b79df81a70a12b6515f
*** Element info: {Using=css selector, value=[aria-label='Account'] i}]]>
            </message>
            <full-stacktrace>
              <![CDATA[org.openqa.selenium.NoSuchElementException: no such element: Unable to locate element: {"method":"css selector","selector":"[aria-label='Account'] i"}
  (Session info: chrome=87.0.4280.88)
For documentation on this error, please visit: https://www.seleniumhq.org/exceptions/no_such_element.html
Build info: version: '3.141.59', revision: 'e82be7d358', time: '2018-11-14T08:17:03'
System info: host: 'DESKTOP-5RITR10', ip: '192.168.0.108', os.name: 'Windows 8.1', os.arch: 'amd64', os.version: '6.3', java.version: '1.8.0_45'
Driver info: org.openqa.selenium.chrome.ChromeDriver
Capabilities {acceptInsecureCerts: false, browserName: chrome, browserVersion: 87.0.4280.88, chrome: {chromedriverVersion: 87.0.4280.88 (89e2380a3e36c..., userDataDir: C:\Users\ANUSAR~1\AppData\L...}, goog:chromeOptions: {debuggerAddress: localhost:3598}, javascriptEnabled: true, networkConnectionEnabled: false, pageLoadStrategy: normal, platform: WINDOWS, platformName: WINDOWS, proxy: Proxy(), setWindowRect: true, strictFileInteractability: false, timeouts: {implicit: 0, pageLoad: 300000, script: 30000}, unhandledPromptBehavior: dismiss and notify, webauthn:virtualAuthenticators: true}
Session ID: 098719a59b265b79df81a70a12b6515f
*** Element info: {Using=css selector, value=[aria-label='Account'] i}
at sun.reflect.NativeConstructorAccessorImpl.newInstance0(Native Method)
at sun.reflect.NativeConstructorAccessorImpl.newInstance(NativeConstructorAccessorImpl.java:62)
at sun.reflect.DelegatingConstructorAccessorImpl.newInstance(DelegatingConstructorAccessorImpl.java:45)
at java.lang.reflect.Constructor.newInstance(Constructor.java:422)
at org.openqa.selenium.remote.http.W3CHttpResponseCodec.createException(W3CHttpResponseCodec.java:187)
at org.openqa.selenium.remote.http.W3CHttpResponseCodec.decode(W3CHttpResponseCodec.java:122)
at org.openqa.selenium.remote.http.W3CHttpResponseCodec.decode(W3CHttpResponseCodec.java:49)
at org.openqa.selenium.remote.HttpCommandExecutor.execute(HttpCommandExecutor.java:158)
at org.openqa.selenium.remote.service.DriverCommandExecutor.execute(DriverCommandExecutor.java:83)
at org.openqa.selenium.remote.RemoteWebDriver.execute(RemoteWebDriver.java:552)
at org.openqa.selenium.remote.RemoteWebDriver.findElement(RemoteWebDriver.java:323)
at org.openqa.selenium.remote.RemoteWebDriver.findElementByCssSelector(RemoteWebDriver.java:420)
at org.openqa.selenium.By$ByCssSelector.findElement(By.java:431)
at org.openqa.selenium.remote.RemoteWebDriver.findElement(RemoteWebDriver.java:315)
at PageObjects.LandingPage.drop(LandingPage.java:25)
at Academy.HomePage.baseNavigation(HomePage.java:39)
at sun.reflect.NativeMethodAccessorImpl.invoke0(Native Method)
at sun.reflect.NativeMethodAccessorImpl.invoke(NativeMethodAccessorImpl.java:62)
at sun.reflect.DelegatingMethodAccessorImpl.invoke(DelegatingMethodAccessorImpl.java:43)
at java.lang.reflect.Method.invoke(Method.java:497)
at org.testng.internal.MethodInvocationHelper.invokeMethod(MethodInvocationHelper.java:132)
at org.testng.internal.TestInvoker.invokeMethod(TestInvoker.java:599)
at org.testng.internal.TestInvoker.invokeTestMethod(TestInvoker.java:174)
at org.testng.internal.MethodRunner.runInSequence(MethodRunner.java:46)
at org.testng.internal.TestInvoker$MethodInvocationAgent.invoke(TestInvoker.java:822)
at org.testng.internal.TestInvoker.invokeTestMethods(TestInvoker.java:147)
at org.testng.internal.TestMethodWorker.invokeTestMethods(TestMethodWorker.java:146)
at org.testng.internal.TestMethodWorker.run(TestMethodWorker.java:128)
at org.testng.TestRunner$$Lambda$250/1443055846.accept(Unknown Source)
at java.util.ArrayList.forEach(ArrayList.java:1249)
at org.testng.TestRunner.privateRun(TestRunner.java:764)
at org.testng.TestRunner.run(TestRunner.java:585)
at org.testng.SuiteRunner.runTest(SuiteRunner.java:384)
at org.testng.SuiteRunner.runSequentially(SuiteRunner.java:378)
at org.testng.SuiteRunner.privateRun(SuiteRunner.java:337)
at org.testng.SuiteRunner.run(SuiteRunner.java:286)
at org.testng.SuiteRunnerWorker.runSuite(SuiteRunnerWorker.java:53)
at org.testng.SuiteRunnerWorker.run(SuiteRunnerWorker.java:96)
at org.testng.TestNG.runSuitesSequentially(TestNG.java:1218)
at org.testng.TestNG.runSuitesLocally(TestNG.java:1140)
at org.testng.TestNG.runSuites(TestNG.java:1069)
at org.testng.TestNG.run(TestNG.java:1037)
at org.testng.remote.AbstractRemoteTestNG.run(AbstractRemoteTestNG.java:115)
at org.testng.remote.RemoteTestNG.initAndRun(RemoteTestNG.java:251)
at org.testng.remote.RemoteTestNG.main(RemoteTestNG.java:77)
]]>
            </full-stacktrace>
          </exception> <!-- org.openqa.selenium.NoSuchElementException -->
          <reporter-output>
          </reporter-output>
        </test-method> <!-- baseNavigation -->
        <test-method status="PASS" signature="last()[pri:0, instance:Academy.HomePage@71bbf57e]" name="last" is-config="true" duration-ms="394" started-at="2020-12-21T14:28:50 IST" finished-at="2020-12-21T14:28:51 IST">
          <reporter-output>
          </reporter-output>
        </test-method> <!-- last -->
      </class> <!-- Academy.HomePage -->
      <class name="Academy.validateImage">
        <test-method status="PASS" signature="init()[pri:0, instance:Academy.validateImage@3fd7a715]" name="init" is-config="true" duration-ms="6573" started-at="2020-12-21T14:28:13 IST" finished-at="2020-12-21T14:28:19 IST">
          <reporter-output>
          </reporter-output>
        </test-method> <!-- init -->
        <test-method status="PASS" signature="validate()[pri:0, instance:Academy.validateImage@3fd7a715]" name="validate" duration-ms="154" started-at="2020-12-21T14:28:26 IST" finished-at="2020-12-21T14:28:27 IST">
          <reporter-output>
          </reporter-output>
        </test-method> <!-- validate -->
        <test-method status="PASS" signature="last()[pri:0, instance:Academy.validateImage@3fd7a715]" name="last" is-config="true" duration-ms="559" started-at="2020-12-21T14:28:51 IST" finished-at="2020-12-21T14:28:51 IST">
          <reporter-output>
          </reporter-output>
        </test-method> <!-- last -->
      </class> <!-- Academy.validateImage -->
    </test> <!-- Test -->
  </suite> <!-- Suite -->
</testng-results>
